2023-03-08  8:00:56 0 [Note] InnoDB: Mutexes and rw_locks use Windows interlocked functions
2023-03-08  8:00:56 0 [Note] InnoDB: Uses event mutexes
2023-03-08  8:00:56 0 [Note] InnoDB: Compressed tables use zlib 1.2.12
2023-03-08  8:00:56 0 [Note] InnoDB: Number of pools: 1
2023-03-08  8:00:56 0 [Note] InnoDB: Using SSE2 crc32 instructions
2023-03-08  8:00:56 0 [Note] InnoDB: Initializing buffer pool, total size = 16M, instances = 1, chunk size = 16M
2023-03-08  8:00:56 0 [Note] InnoDB: Completed initialization of buffer pool
2023-03-08  8:00:56 0 [Note] InnoDB: Starting crash recovery from checkpoint LSN=300288
2023-03-08  8:00:56 0 [Note] InnoDB: 128 out of 128 rollback segments are active.
2023-03-08  8:00:56 0 [Note] InnoDB: Removed temporary tablespace data file: "ibtmp1"
2023-03-08  8:00:56 0 [Note] InnoDB: Creating shared tablespace for temporary tables
2023-03-08  8:00:56 0 [Note] InnoDB: Setting file 'C:\xampp\mysql\data\ibtmp1' size to 12 MB. Physically writing the file full; Please wait ...
2023-03-08  8:00:56 0 [Note] InnoDB: File 'C:\xampp\mysql\data\ibtmp1' size is now 12 MB.
2023-03-08  8:00:56 0 [Note] InnoDB: Waiting for purge to start
2023-03-08  8:00:56 0 [Note] InnoDB: 10.4.27 started; log sequence number 300297; transaction id 170
2023-03-08  8:00:56 0 [Note] InnoDB: Loading buffer pool(s) from C:\xampp\mysql\data\ib_buffer_pool
2023-03-08  8:00:56 0 [Note] Plugin 'FEEDBACK' is disabled.
2023-03-08  8:00:56 0 [Note] InnoDB: Buffer pool(s) load completed at 230308  8:00:56
2023-03-08  8:00:56 0 [Note] Server socket created on IP: '::'.
2023-03-09 19:28:45 0 [Note] InnoDB: Mutexes and rw_locks use Windows interlocked functions
2023-03-09 19:28:45 0 [Note] InnoDB: Uses event mutexes
2023-03-09 19:28:45 0 [Note] InnoDB: Compressed tables use zlib 1.2.12
2023-03-09 19:28:45 0 [Note] InnoDB: Number of pools: 1
2023-03-09 19:28:45 0 [Note] InnoDB: Using SSE2 crc32 instructions
2023-03-09 19:28:45 0 [Note] InnoDB: Initializing buffer pool, total size = 16M, instances = 1, chunk size = 16M
2023-03-09 19:28:45 0 [Note] InnoDB: Completed initialization of buffer pool
2023-03-09 19:28:46 0 [Note] InnoDB: Starting crash recovery from checkpoint LSN=308477
2023-03-09 19:28:46 0 [Note] InnoDB: 128 out of 128 rollback segments are active.
2023-03-09 19:28:46 0 [Note] InnoDB: Removed temporary tablespace data file: "ibtmp1"
2023-03-09 19:28:46 0 [Note] InnoDB: Creating shared tablespace for temporary tables
2023-03-09 19:28:46 0 [Note] InnoDB: Setting file 'C:\xampp\mysql\data\ibtmp1' size to 12 MB. Physically writing the file full; Please wait ...
2023-03-09 19:28:46 0 [Note] InnoDB: File 'C:\xampp\mysql\data\ibtmp1' size is now 12 MB.
2023-03-09 19:28:46 0 [Note] InnoDB: Waiting for purge to start
2023-03-09 19:28:46 0 [Note] InnoDB: 10.4.27 started; log sequence number 308486; transaction id 208
2023-03-09 19:28:46 0 [Note] InnoDB: Loading buffer pool(s) from C:\xampp\mysql\data\ib_buffer_pool
2023-03-09 19:28:46 0 [Note] Plugin 'FEEDBACK' is disabled.
2023-03-09 19:28:46 0 [Note] InnoDB: Buffer pool(s) load completed at 230309 19:28:46
2023-03-09 19:28:46 0 [Note] Server socket created on IP: '::'.
2023-03-10 10:09:59 0 [Note] InnoDB: Mutexes and rw_locks use Windows interlocked functions
2023-03-10 10:09:59 0 [Note] InnoDB: Uses event mutexes
2023-03-10 10:09:59 0 [Note] InnoDB: Compressed tables use zlib 1.2.12
2023-03-10 10:09:59 0 [Note] InnoDB: Number of pools: 1
2023-03-10 10:09:59 0 [Note] InnoDB: Using SSE2 crc32 instructions
2023-03-10 10:09:59 0 [Note] InnoDB: Initializing buffer pool, total size = 16M, instances = 1, chunk size = 16M
2023-03-10 10:09:59 0 [Note] InnoDB: Completed initialization of buffer pool
2023-03-10 10:09:59 0 [Note] InnoDB: Starting crash recovery from checkpoint LSN=308495
2023-03-10 10:10:00 0 [Note] InnoDB: 128 out of 128 rollback segments are active.
2023-03-10 10:10:00 0 [Note] InnoDB: Removed temporary tablespace data file: "ibtmp1"
2023-03-10 10:10:00 0 [Note] InnoDB: Creating shared tablespace for temporary tables
2023-03-10 10:10:00 0 [Note] InnoDB: Setting file 'C:\xampp\mysql\data\ibtmp1' size to 12 MB. Physically writing the file full; Please wait ...
2023-03-10 10:10:00 0 [Note] InnoDB: File 'C:\xampp\mysql\data\ibtmp1' size is now 12 MB.
2023-03-10 10:10:00 0 [Note] InnoDB: Waiting for purge to start
2023-03-10 10:10:00 0 [Note] InnoDB: 10.4.27 started; log sequence number 308504; transaction id 208
2023-03-10 10:10:00 0 [Note] InnoDB: Loading buffer pool(s) from C:\xampp\mysql\data\ib_buffer_pool
2023-03-10 10:10:00 0 [Note] Plugin 'FEEDBACK' is disabled.
2023-03-10 10:10:00 0 [Note] InnoDB: Buffer pool(s) load completed at 230310 10:10:00
2023-03-10 10:10:00 0 [Note] Server socket created on IP: '::'.
2023-03-22 11:22:01 0 [Note] InnoDB: Mutexes and rw_locks use Windows interlocked functions
2023-03-22 11:22:01 0 [Note] InnoDB: Uses event mutexes
2023-03-22 11:22:01 0 [Note] InnoDB: Compressed tables use zlib 1.2.12
2023-03-22 11:22:01 0 [Note] InnoDB: Number of pools: 1
2023-03-22 11:22:01 0 [Note] InnoDB: Using SSE2 crc32 instructions
2023-03-22 11:22:01 0 [Note] InnoDB: Initializing buffer pool, total size = 16M, instances = 1, chunk size = 16M
2023-03-22 11:22:01 0 [Note] InnoDB: Completed initialization of buffer pool
2023-03-22 11:22:01 0 [Note] InnoDB: Starting crash recovery from checkpoint LSN=308513
2023-03-22 11:22:01 0 [Note] InnoDB: 128 out of 128 rollback segments are active.
2023-03-22 11:22:01 0 [Note] InnoDB: Removed temporary tablespace data file: "ibtmp1"
2023-03-22 11:22:01 0 [Note] InnoDB: Creating shared tablespace for temporary tables
2023-03-22 11:22:01 0 [Note] InnoDB: Setting file 'C:\xampp\mysql\data\ibtmp1' size to 12 MB. Physically writing the file full; Please wait ...
2023-03-22 11:22:01 0 [Note] InnoDB: File 'C:\xampp\mysql\data\ibtmp1' size is now 12 MB.
2023-03-22 11:22:01 0 [Note] InnoDB: Waiting for purge to start
2023-03-22 11:22:01 0 [Note] InnoDB: 10.4.27 started; log sequence number 308522; transaction id 208
2023-03-22 11:22:01 0 [Note] InnoDB: Loading buffer pool(s) from C:\xampp\mysql\data\ib_buffer_pool
2023-03-22 11:22:01 0 [Note] Plugin 'FEEDBACK' is disabled.
2023-03-22 11:22:01 0 [Note] InnoDB: Buffer pool(s) load completed at 230322 11:22:01
2023-03-22 11:22:01 0 [Note] Server socket created on IP: '::'.
2023-03-24 13:56:13 0 [Note] InnoDB: Mutexes and rw_locks use Windows interlocked functions
2023-03-24 13:56:13 0 [Note] InnoDB: Uses event mutexes
2023-03-24 13:56:13 0 [Note] InnoDB: Compressed tables use zlib 1.2.12
2023-03-24 13:56:13 0 [Note] InnoDB: Number of pools: 1
2023-03-24 13:56:13 0 [Note] InnoDB: Using SSE2 crc32 instructions
2023-03-24 13:56:13 0 [Note] InnoDB: Initializing buffer pool, total size = 16M, instances = 1, chunk size = 16M
2023-03-24 13:56:13 0 [Note] InnoDB: Completed initialization of buffer pool
2023-03-24 13:56:13 0 [Note] InnoDB: Starting crash recovery from checkpoint LSN=315049
2023-03-24 13:56:14 0 [Note] InnoDB: 128 out of 128 rollback segments are active.
2023-03-24 13:56:14 0 [Note] InnoDB: Removed temporary tablespace data file: "ibtmp1"
2023-03-24 13:56:14 0 [Note] InnoDB: Creating shared tablespace for temporary tables
2023-03-24 13:56:14 0 [Note] InnoDB: Setting file 'C:\xampp\mysql\data\ibtmp1' size to 12 MB. Physically writing the file full; Please wait ...
2023-03-24 13:56:14 0 [Note] InnoDB: File 'C:\xampp\mysql\data\ibtmp1' size is now 12 MB.
2023-03-24 13:56:14 0 [Note] InnoDB: Waiting for purge to start
2023-03-24 13:56:14 0 [Note] InnoDB: 10.4.27 started; log sequence number 315058; transaction id 258
2023-03-24 13:56:14 0 [Note] InnoDB: Loading buffer pool(s) from C:\xampp\mysql\data\ib_buffer_pool
2023-03-24 13:56:14 0 [Note] Plugin 'FEEDBACK' is disabled.
2023-03-24 13:56:14 0 [Note] InnoDB: Buffer pool(s) load completed at 230324 13:56:14
2023-03-24 13:56:14 0 [Note] Server socket created on IP: '::'.
2023-03-29  8:58:08 0 [Note] InnoDB: Mutexes and rw_locks use Windows interlocked functions
2023-03-29  8:58:08 0 [Note] InnoDB: Uses event mutexes
2023-03-29  8:58:08 0 [Note] InnoDB: Compressed tables use zlib 1.2.12
2023-03-29  8:58:08 0 [Note] InnoDB: Number of pools: 1
2023-03-29  8:58:08 0 [Note] InnoDB: Using SSE2 crc32 instructions
2023-03-29  8:58:08 0 [Note] InnoDB: Initializing buffer pool, total size = 16M, instances = 1, chunk size = 16M
2023-03-29  8:58:08 0 [Note] InnoDB: Completed initialization of buffer pool
2023-03-29  8:58:09 0 [Note] InnoDB: Starting crash recovery from checkpoint LSN=319864
2023-03-29  8:58:09 0 [Note] InnoDB: 128 out of 128 rollback segments are active.
2023-03-29  8:58:09 0 [Note] InnoDB: Removed temporary tablespace data file: "ibtmp1"
2023-03-29  8:58:09 0 [Note] InnoDB: Creating shared tablespace for temporary tables
2023-03-29  8:58:09 0 [Note] InnoDB: Setting file 'C:\xampp\mysql\data\ibtmp1' size to 12 MB. Physically writing the file full; Please wait ...
2023-03-29  8:58:09 0 [Note] InnoDB: File 'C:\xampp\mysql\data\ibtmp1' size is now 12 MB.
2023-03-29  8:58:09 0 [Note] InnoDB: Waiting for purge to start
2023-03-29  8:58:09 0 [Note] InnoDB: 10.4.27 started; log sequence number 319873; transaction id 295
2023-03-29  8:58:09 0 [Note] InnoDB: Loading buffer pool(s) from C:\xampp\mysql\data\ib_buffer_pool
2023-03-29  8:58:09 0 [Note] Plugin 'FEEDBACK' is disabled.
2023-03-29  8:58:09 0 [Note] InnoDB: Buffer pool(s) load completed at 230329  8:58:09
2023-03-29  8:58:09 0 [Note] Server socket created on IP: '::'.
2023-04-12  9:48:54 0 [Note] InnoDB: Mutexes and rw_locks use Windows interlocked functions
2023-04-12  9:48:54 0 [Note] InnoDB: Uses event mutexes
2023-04-12  9:48:54 0 [Note] InnoDB: Compressed tables use zlib 1.2.12
2023-04-12  9:48:54 0 [Note] InnoDB: Number of pools: 1
2023-04-12  9:48:54 0 [Note] InnoDB: Using SSE2 crc32 instructions
2023-04-12  9:48:54 0 [Note] InnoDB: Initializing buffer pool, total size = 16M, instances = 1, chunk size = 16M
2023-04-12  9:48:54 0 [Note] InnoDB: Completed initialization of buffer pool
2023-04-12  9:48:54 0 [Note] InnoDB: Starting crash recovery from checkpoint LSN=324504
2023-04-12  9:48:55 0 [Note] InnoDB: 128 out of 128 rollback segments are active.
2023-04-12  9:48:55 0 [Note] InnoDB: Removed temporary tablespace data file: "ibtmp1"
2023-04-12  9:48:55 0 [Note] InnoDB: Creating shared tablespace for temporary tables
2023-04-12  9:48:55 0 [Note] InnoDB: Setting file 'C:\xampp\mysql\data\ibtmp1' size to 12 MB. Physically writing the file full; Please wait ...
2023-04-12  9:48:55 0 [Note] InnoDB: File 'C:\xampp\mysql\data\ibtmp1' size is now 12 MB.
2023-04-12  9:48:55 0 [Note] InnoDB: Waiting for purge to start
2023-04-12  9:48:55 0 [Note] InnoDB: 10.4.27 started; log sequence number 324513; transaction id 335
2023-04-12  9:48:55 0 [Note] InnoDB: Loading buffer pool(s) from C:\xampp\mysql\data\ib_buffer_pool
2023-04-12  9:48:55 0 [Note] Plugin 'FEEDBACK' is disabled.
2023-04-12  9:48:55 0 [Note] InnoDB: Buffer pool(s) load completed at 230412  9:48:55
2023-04-12  9:48:55 0 [Note] Server socket created on IP: '::'.
2023-04-13 18:03:51 0 [Note] InnoDB: Mutexes and rw_locks use Windows interlocked functions
2023-04-13 18:03:51 0 [Note] InnoDB: Uses event mutexes
2023-04-13 18:03:51 0 [Note] InnoDB: Compressed tables use zlib 1.2.12
2023-04-13 18:03:51 0 [Note] InnoDB: Number of pools: 1
2023-04-13 18:03:51 0 [Note] InnoDB: Using SSE2 crc32 instructions
2023-04-13 18:03:51 0 [Note] InnoDB: Initializing buffer pool, total size = 16M, instances = 1, chunk size = 16M
2023-04-13 18:03:51 0 [Note] InnoDB: Completed initialization of buffer pool
2023-04-13 18:03:51 0 [Note] InnoDB: Starting crash recovery from checkpoint LSN=326553
2023-04-13 18:03:51 0 [Note] InnoDB: 128 out of 128 rollback segments are active.
2023-04-13 18:03:51 0 [Note] InnoDB: Removed temporary tablespace data file: "ibtmp1"
2023-04-13 18:03:51 0 [Note] InnoDB: Creating shared tablespace for temporary tables
2023-04-13 18:03:51 0 [Note] InnoDB: Setting file 'C:\xampp\mysql\data\ibtmp1' size to 12 MB. Physically writing the file full; Please wait ...
2023-04-13 18:03:51 0 [Note] InnoDB: File 'C:\xampp\mysql\data\ibtmp1' size is now 12 MB.
2023-04-13 18:03:51 0 [Note] InnoDB: Waiting for purge to start
2023-04-13 18:03:51 0 [Note] InnoDB: 10.4.27 started; log sequence number 326562; transaction id 367
2023-04-13 18:03:51 0 [Note] InnoDB: Loading buffer pool(s) from C:\xampp\mysql\data\ib_buffer_pool
2023-04-13 18:03:51 0 [Note] Plugin 'FEEDBACK' is disabled.
2023-04-13 18:03:51 0 [Note] InnoDB: Buffer pool(s) load completed at 230413 18:03:51
2023-04-13 18:03:51 0 [Note] Server socket created on IP: '::'.
2023-04-14 10:17:47 0 [Note] InnoDB: Mutexes and rw_locks use Windows interlocked functions
2023-04-14 10:17:47 0 [Note] InnoDB: Uses event mutexes
2023-04-14 10:17:47 0 [Note] InnoDB: Compressed tables use zlib 1.2.12
2023-04-14 10:17:47 0 [Note] InnoDB: Number of pools: 1
2023-04-14 10:17:47 0 [Note] InnoDB: Using SSE2 crc32 instructions
2023-04-14 10:17:47 0 [Note] InnoDB: Initializing buffer pool, total size = 16M, instances = 1, chunk size = 16M
2023-04-14 10:17:47 0 [Note] InnoDB: Completed initialization of buffer pool
2023-04-14 10:17:47 0 [Note] InnoDB: Starting crash recovery from checkpoint LSN=326941
2023-04-14 10:17:49 0 [Note] InnoDB: 128 out of 128 rollback segments are active.
2023-04-14 10:17:49 0 [Note] InnoDB: Removed temporary tablespace data file: "ibtmp1"
2023-04-14 10:17:49 0 [Note] InnoDB: Creating shared tablespace for temporary tables
2023-04-14 10:17:49 0 [Note] InnoDB: Setting file 'C:\xampp\mysql\data\ibtmp1' size to 12 MB. Physically writing the file full; Please wait ...
2023-04-14 10:17:49 0 [Note] InnoDB: File 'C:\xampp\mysql\data\ibtmp1' size is now 12 MB.
2023-04-14 10:17:49 0 [Note] InnoDB: Waiting for purge to start
2023-04-14 10:17:49 0 [Note] InnoDB: 10.4.27 started; log sequence number 326950; transaction id 390
2023-04-14 10:17:49 0 [Note] InnoDB: Loading buffer pool(s) from C:\xampp\mysql\data\ib_buffer_pool
2023-04-14 10:17:49 0 [Note] Plugin 'FEEDBACK' is disabled.
2023-04-14 10:17:49 0 [Note] Server socket created on IP: '::'.
2023-04-14 10:18:52 0 [Note] InnoDB: Mutexes and rw_locks use Windows interlocked functions
2023-04-14 10:18:52 0 [Note] InnoDB: Uses event mutexes
2023-04-14 10:18:52 0 [Note] InnoDB: Compressed tables use zlib 1.2.12
2023-04-14 10:18:52 0 [Note] InnoDB: Number of pools: 1
2023-04-14 10:18:52 0 [Note] InnoDB: Using SSE2 crc32 instructions
2023-04-14 10:18:52 0 [Note] InnoDB: Initializing buffer pool, total size = 16M, instances = 1, chunk size = 16M
2023-04-14 10:18:52 0 [Note] InnoDB: Completed initialization of buffer pool
2023-04-14 10:18:52 0 [Note] InnoDB: Starting crash recovery from checkpoint LSN=326941
2023-04-14 10:18:53 0 [Note] InnoDB: 128 out of 128 rollback segments are active.
2023-04-14 10:18:53 0 [Note] InnoDB: Removed temporary tablespace data file: "ibtmp1"
2023-04-14 10:18:53 0 [Note] InnoDB: Creating shared tablespace for temporary tables
2023-04-14 10:18:53 0 [Note] InnoDB: Setting file 'C:\xampp\mysql\data\ibtmp1' size to 12 MB. Physically writing the file full; Please wait ...
2023-04-14 10:18:53 0 [Note] InnoDB: File 'C:\xampp\mysql\data\ibtmp1' size is now 12 MB.
2023-04-14 10:18:53 0 [Note] InnoDB: Waiting for purge to start
2023-04-14 10:18:53 0 [Note] InnoDB: 10.4.27 started; log sequence number 326950; transaction id 390
2023-04-14 10:18:53 0 [Note] InnoDB: Loading buffer pool(s) from C:\xampp\mysql\data\ib_buffer_pool
2023-04-14 10:18:53 0 [Note] Plugin 'FEEDBACK' is disabled.
2023-04-14 10:18:53 0 [Note] Server socket created on IP: '::'.
2023-04-14 13:13:08 0 [Note] InnoDB: Mutexes and rw_locks use Windows interlocked functions
2023-04-14 13:13:08 0 [Note] InnoDB: Uses event mutexes
2023-04-14 13:13:08 0 [Note] InnoDB: Compressed tables use zlib 1.2.12
2023-04-14 13:13:08 0 [Note] InnoDB: Number of pools: 1
2023-04-14 13:13:08 0 [Note] InnoDB: Using SSE2 crc32 instructions
2023-04-14 13:13:08 0 [Note] InnoDB: Initializing buffer pool, total size = 16M, instances = 1, chunk size = 16M
2023-04-14 13:13:08 0 [Note] InnoDB: Completed initialization of buffer pool
2023-04-14 13:13:08 0 [Note] InnoDB: Starting crash recovery from checkpoint LSN=333193
2023-04-14 13:13:08 0 [Note] InnoDB: 128 out of 128 rollback segments are active.
2023-04-14 13:13:08 0 [Note] InnoDB: Removed temporary tablespace data file: "ibtmp1"
2023-04-14 13:13:08 0 [Note] InnoDB: Creating shared tablespace for temporary tables
2023-04-14 13:13:08 0 [Note] InnoDB: Setting file 'C:\xampp\mysql\data\ibtmp1' size to 12 MB. Physically writing the file full; Please wait ...
2023-04-14 13:13:08 0 [Note] InnoDB: File 'C:\xampp\mysql\data\ibtmp1' size is now 12 MB.
2023-04-14 13:13:08 0 [Note] InnoDB: Waiting for purge to start
2023-04-14 13:13:09 0 [Note] InnoDB: 10.4.27 started; log sequence number 333202; transaction id 436
2023-04-14 13:13:09 0 [Note] InnoDB: Loading buffer pool(s) from C:\xampp\mysql\data\ib_buffer_pool
2023-04-14 13:13:09 0 [Note] Plugin 'FEEDBACK' is disabled.
2023-04-14 13:13:09 0 [Note] InnoDB: Buffer pool(s) load completed at 230414 13:13:09
2023-04-14 13:13:09 0 [Note] Server socket created on IP: '::'.
2023-04-14 13:13:12 0 [Note] InnoDB: Mutexes and rw_locks use Windows interlocked functions
2023-04-14 13:13:12 0 [Note] InnoDB: Uses event mutexes
2023-04-14 13:13:12 0 [Note] InnoDB: Compressed tables use zlib 1.2.12
2023-04-14 13:13:12 0 [Note] InnoDB: Number of pools: 1
2023-04-14 13:13:12 0 [Note] InnoDB: Using SSE2 crc32 instructions
2023-04-14 13:13:12 0 [Note] InnoDB: Initializing buffer pool, total size = 16M, instances = 1, chunk size = 16M
2023-04-14 13:13:12 0 [Note] InnoDB: Completed initialization of buffer pool
2023-04-14 13:13:12 0 [Note] InnoDB: Starting crash recovery from checkpoint LSN=333193
2023-04-14 13:13:12 0 [Note] InnoDB: 128 out of 128 rollback segments are active.
2023-04-14 13:13:12 0 [Note] InnoDB: Removed temporary tablespace data file: "ibtmp1"
2023-04-14 13:13:12 0 [Note] InnoDB: Creating shared tablespace for temporary tables
2023-04-14 13:13:12 0 [Note] InnoDB: Setting file 'C:\xampp\mysql\data\ibtmp1' size to 12 MB. Physically writing the file full; Please wait ...
2023-04-14 13:13:12 0 [Note] InnoDB: File 'C:\xampp\mysql\data\ibtmp1' size is now 12 MB.
2023-04-14 13:13:12 0 [Note] InnoDB: Waiting for purge to start
2023-04-14 13:13:12 0 [Note] InnoDB: 10.4.27 started; log sequence number 333202; transaction id 436
2023-04-14 13:13:12 0 [Note] InnoDB: Loading buffer pool(s) from C:\xampp\mysql\data\ib_buffer_pool
2023-04-14 13:13:12 0 [Note] Plugin 'FEEDBACK' is disabled.
2023-04-14 13:13:12 0 [Note] Server socket created on IP: '::'.
2023-04-14 13:33:04 0 [Note] InnoDB: Mutexes and rw_locks use Windows interlocked functions
2023-04-14 13:33:04 0 [Note] InnoDB: Uses event mutexes
2023-04-14 13:33:04 0 [Note] InnoDB: Compressed tables use zlib 1.2.12
2023-04-14 13:33:04 0 [Note] InnoDB: Number of pools: 1
2023-04-14 13:33:04 0 [Note] InnoDB: Using SSE2 crc32 instructions
2023-04-14 13:33:04 0 [Note] InnoDB: Initializing buffer pool, total size = 16M, instances = 1, chunk size = 16M
2023-04-14 13:33:04 0 [Note] InnoDB: Completed initialization of buffer pool
2023-04-14 13:33:04 0 [Note] InnoDB: Starting crash recovery from checkpoint LSN=333845
2023-04-14 13:33:04 0 [Note] InnoDB: 128 out of 128 rollback segments are active.
2023-04-14 13:33:04 0 [Note] InnoDB: Removed temporary tablespace data file: "ibtmp1"
2023-04-14 13:33:04 0 [Note] InnoDB: Creating shared tablespace for temporary tables
2023-04-14 13:33:04 0 [Note] InnoDB: Setting file 'C:\xampp\mysql\data\ibtmp1' size to 12 MB. Physically writing the file full; Please wait ...
2023-04-14 13:33:04 0 [Note] InnoDB: File 'C:\xampp\mysql\data\ibtmp1' size is now 12 MB.
2023-04-14 13:33:04 0 [Note] InnoDB: Waiting for purge to start
2023-04-14 13:33:04 0 [Note] InnoDB: 10.4.27 started; log sequence number 333854; transaction id 463
2023-04-14 13:33:04 0 [Note] InnoDB: Loading buffer pool(s) from C:\xampp\mysql\data\ib_buffer_pool
2023-04-14 13:33:04 0 [Note] Plugin 'FEEDBACK' is disabled.
2023-04-14 13:33:04 0 [Note] Server socket created on IP: '::'.
2023-04-26  7:15:06 0 [Note] InnoDB: Mutexes and rw_locks use Windows interlocked functions
2023-04-26  7:15:06 0 [Note] InnoDB: Uses event mutexes
2023-04-26  7:15:06 0 [Note] InnoDB: Compressed tables use zlib 1.2.12
2023-04-26  7:15:06 0 [Note] InnoDB: Number of pools: 1
2023-04-26  7:15:06 0 [Note] InnoDB: Using SSE2 crc32 instructions
2023-04-26  7:15:06 0 [Note] InnoDB: Initializing buffer pool, total size = 16M, instances = 1, chunk size = 16M
2023-04-26  7:15:06 0 [Note] InnoDB: Completed initialization of buffer pool
2023-04-26  7:15:06 0 [Note] InnoDB: Starting crash recovery from checkpoint LSN=335282
2023-04-26  7:15:09 0 [Note] InnoDB: 128 out of 128 rollback segments are active.
2023-04-26  7:15:09 0 [Note] InnoDB: Removed temporary tablespace data file: "ibtmp1"
2023-04-26  7:15:09 0 [Note] InnoDB: Creating shared tablespace for temporary tables
2023-04-26  7:15:09 0 [Note] InnoDB: Setting file 'C:\xampp\mysql\data\ibtmp1' size to 12 MB. Physically writing the file full; Please wait ...
2023-04-26  7:15:09 0 [Note] InnoDB: File 'C:\xampp\mysql\data\ibtmp1' size is now 12 MB.
2023-04-26  7:15:09 0 [Note] InnoDB: Waiting for purge to start
2023-04-26  7:15:09 0 [Note] InnoDB: 10.4.27 started; log sequence number 335291; transaction id 492
2023-04-26  7:15:09 0 [Note] InnoDB: Loading buffer pool(s) from C:\xampp\mysql\data\ib_buffer_pool
2023-04-26  7:15:09 0 [Note] Plugin 'FEEDBACK' is disabled.
2023-04-26  7:15:09 0 [Note] InnoDB: Buffer pool(s) load completed at 230426  7:15:09
2023-04-26  7:15:09 0 [Note] Server socket created on IP: '::'.
2023-04-26  7:16:25 0 [Note] InnoDB: Mutexes and rw_locks use Windows interlocked functions
2023-04-26  7:16:25 0 [Note] InnoDB: Uses event mutexes
2023-04-26  7:16:25 0 [Note] InnoDB: Compressed tables use zlib 1.2.12
2023-04-26  7:16:25 0 [Note] InnoDB: Number of pools: 1
2023-04-26  7:16:25 0 [Note] InnoDB: Using SSE2 crc32 instructions
2023-04-26  7:16:25 0 [Note] InnoDB: Initializing buffer pool, total size = 16M, instances = 1, chunk size = 16M
2023-04-26  7:16:25 0 [Note] InnoDB: Completed initialization of buffer pool
2023-04-26  7:16:25 0 [Note] InnoDB: Starting crash recovery from checkpoint LSN=335282
2023-04-26  7:16:25 0 [Note] InnoDB: 128 out of 128 rollback segments are active.
2023-04-26  7:16:25 0 [Note] InnoDB: Removed temporary tablespace data file: "ibtmp1"
2023-04-26  7:16:25 0 [Note] InnoDB: Creating shared tablespace for temporary tables
2023-04-26  7:16:25 0 [Note] InnoDB: Setting file 'C:\xampp\mysql\data\ibtmp1' size to 12 MB. Physically writing the file full; Please wait ...
2023-04-26  7:16:25 0 [Note] InnoDB: File 'C:\xampp\mysql\data\ibtmp1' size is now 12 MB.
2023-04-26  7:16:25 0 [Note] InnoDB: Waiting for purge to start
2023-04-26  7:16:25 0 [Note] InnoDB: 10.4.27 started; log sequence number 335291; transaction id 492
2023-04-26  7:16:25 0 [Note] InnoDB: Loading buffer pool(s) from C:\xampp\mysql\data\ib_buffer_pool
2023-04-26  7:16:25 0 [Note] Plugin 'FEEDBACK' is disabled.
2023-04-26  7:16:25 0 [Note] Server socket created on IP: '::'.
2023-04-27 17:50:14 0 [Note] InnoDB: Mutexes and rw_locks use Windows interlocked functions
2023-04-27 17:50:14 0 [Note] InnoDB: Uses event mutexes
2023-04-27 17:50:14 0 [Note] InnoDB: Compressed tables use zlib 1.2.12
2023-04-27 17:50:14 0 [Note] InnoDB: Number of pools: 1
2023-04-27 17:50:14 0 [Note] InnoDB: Using SSE2 crc32 instructions
2023-04-27 17:50:14 0 [Note] InnoDB: Initializing buffer pool, total size = 16M, instances = 1, chunk size = 16M
2023-04-27 17:50:14 0 [Note] InnoDB: Completed initialization of buffer pool
2023-04-27 17:50:14 0 [Note] InnoDB: Starting crash recovery from checkpoint LSN=372431
2023-04-27 17:50:16 0 [Note] InnoDB: 128 out of 128 rollback segments are active.
2023-04-27 17:50:16 0 [Note] InnoDB: Removed temporary tablespace data file: "ibtmp1"
2023-04-27 17:50:16 0 [Note] InnoDB: Creating shared tablespace for temporary tables
2023-04-27 17:50:16 0 [Note] InnoDB: Setting file 'C:\xampp\mysql\data\ibtmp1' size to 12 MB. Physically writing the file full; Please wait ...
2023-04-27 17:50:16 0 [Note] InnoDB: File 'C:\xampp\mysql\data\ibtmp1' size is now 12 MB.
2023-04-27 17:50:16 0 [Note] InnoDB: Waiting for purge to start
2023-04-27 17:50:16 0 [Note] InnoDB: Waiting for purge to start
2023-04-27 17:50:16 0 [Note] InnoDB: Waiting for purge to start
2023-04-27 17:50:16 0 [Note] InnoDB: 10.4.27 started; log sequence number 372440; transaction id 625
2023-04-27 17:50:16 0 [Note] InnoDB: Loading buffer pool(s) from C:\xampp\mysql\data\ib_buffer_pool
2023-04-27 17:50:16 0 [Note] Plugin 'FEEDBACK' is disabled.
2023-04-27 17:50:16 0 [Note] InnoDB: Buffer pool(s) load completed at 230427 17:50:16
2023-04-27 17:50:16 0 [Note] Server socket created on IP: '::'.
2023-04-27 18:00:18 0 [Note] mysqld.exe: Aria engine: starting recovery
recovered pages: 0% 100% (0.0 seconds); 
2023-04-27 18:00:18 0 [Note] mysqld.exe: Aria engine: recovery done
2023-04-27 18:00:18 0 [Note] InnoDB: Mutexes and rw_locks use Windows interlocked functions
2023-04-27 18:00:18 0 [Note] InnoDB: Uses event mutexes
2023-04-27 18:00:18 0 [Note] InnoDB: Compressed tables use zlib 1.2.12
2023-04-27 18:00:18 0 [Note] InnoDB: Number of pools: 1
2023-04-27 18:00:18 0 [Note] InnoDB: Using SSE2 crc32 instructions
2023-04-27 18:00:18 0 [Note] InnoDB: Initializing buffer pool, total size = 16M, instances = 1, chunk size = 16M
2023-04-27 18:00:18 0 [Note] InnoDB: Completed initialization of buffer pool
2023-04-27 18:00:18 0 [Note] InnoDB: Starting crash recovery from checkpoint LSN=372766
2023-04-27 18:00:18 0 [Note] InnoDB: 128 out of 128 rollback segments are active.
2023-04-27 18:00:18 0 [Note] InnoDB: Removed temporary tablespace data file: "ibtmp1"
2023-04-27 18:00:18 0 [Note] InnoDB: Creating shared tablespace for temporary tables
2023-04-27 18:00:18 0 [Note] InnoDB: Setting file 'C:\xampp\mysql\data\ibtmp1' size to 12 MB. Physically writing the file full; Please wait ...
2023-04-27 18:00:18 0 [Note] InnoDB: File 'C:\xampp\mysql\data\ibtmp1' size is now 12 MB.
2023-04-27 18:00:18 0 [Note] InnoDB: Waiting for purge to start
2023-04-27 18:00:18 0 [Note] InnoDB: 10.4.27 started; log sequence number 372775; transaction id 648
2023-04-27 18:00:18 0 [Note] InnoDB: Loading buffer pool(s) from C:\xampp\mysql\data\ib_buffer_pool
2023-04-27 18:00:18 0 [Note] Plugin 'FEEDBACK' is disabled.
2023-04-27 18:00:18 0 [Note] Server socket created on IP: '::'.
2023-04-27 18:06:34 0 [Note] InnoDB: Mutexes and rw_locks use Windows interlocked functions
2023-04-27 18:06:34 0 [Note] InnoDB: Uses event mutexes
2023-04-27 18:06:34 0 [Note] InnoDB: Compressed tables use zlib 1.2.12
2023-04-27 18:06:34 0 [Note] InnoDB: Number of pools: 1
2023-04-27 18:06:34 0 [Note] InnoDB: Using SSE2 crc32 instructions
2023-04-27 18:06:34 0 [Note] InnoDB: Initializing buffer pool, total size = 16M, instances = 1, chunk size = 16M
2023-04-27 18:06:34 0 [Note] InnoDB: Completed initialization of buffer pool
2023-04-27 18:06:34 0 [Note] InnoDB: Starting crash recovery from checkpoint LSN=373550
2023-04-27 18:06:34 0 [Note] InnoDB: 128 out of 128 rollback segments are active.
2023-04-27 18:06:34 0 [Note] InnoDB: Removed temporary tablespace data file: "ibtmp1"
2023-04-27 18:06:34 0 [Note] InnoDB: Creating shared tablespace for temporary tables
2023-04-27 18:06:34 0 [Note] InnoDB: Setting file 'C:\xampp\mysql\data\ibtmp1' size to 12 MB. Physically writing the file full; Please wait ...
2023-04-27 18:06:34 0 [Note] InnoDB: File 'C:\xampp\mysql\data\ibtmp1' size is now 12 MB.
2023-04-27 18:06:34 0 [Note] InnoDB: 10.4.27 started; log sequence number 373559; transaction id 675
2023-04-27 18:06:34 0 [Note] InnoDB: Loading buffer pool(s) from C:\xampp\mysql\data\ib_buffer_pool
2023-04-27 18:06:34 0 [Note] Plugin 'FEEDBACK' is disabled.
2023-04-27 18:06:34 0 [Note] InnoDB: Buffer pool(s) load completed at 230427 18:06:34
2023-04-27 18:06:34 0 [Note] Server socket created on IP: '::'.
2023-04-28 10:48:41 0 [Note] InnoDB: Mutexes and rw_locks use Windows interlocked functions
2023-04-28 10:48:41 0 [Note] InnoDB: Uses event mutexes
2023-04-28 10:48:41 0 [Note] InnoDB: Compressed tables use zlib 1.2.12
2023-04-28 10:48:41 0 [Note] InnoDB: Number of pools: 1
2023-04-28 10:48:41 0 [Note] InnoDB: Using SSE2 crc32 instructions
2023-04-28 10:48:41 0 [Note] InnoDB: Initializing buffer pool, total size = 16M, instances = 1, chunk size = 16M
2023-04-28 10:48:41 0 [Note] InnoDB: Completed initialization of buffer pool
2023-04-28 10:48:41 0 [Note] InnoDB: Starting crash recovery from checkpoint LSN=381133
2023-04-28 10:48:41 0 [Note] InnoDB: 128 out of 128 rollback segments are active.
2023-04-28 10:48:41 0 [Note] InnoDB: Removed temporary tablespace data file: "ibtmp1"
2023-04-28 10:48:41 0 [Note] InnoDB: Creating shared tablespace for temporary tables
2023-04-28 10:48:41 0 [Note] InnoDB: Setting file 'C:\xampp\mysql\data\ibtmp1' size to 12 MB. Physically writing the file full; Please wait ...
2023-04-28 10:48:41 0 [Note] InnoDB: File 'C:\xampp\mysql\data\ibtmp1' size is now 12 MB.
2023-04-28 10:48:41 0 [Note] InnoDB: 10.4.27 started; log sequence number 381142; transaction id 734
2023-04-28 10:48:41 0 [Note] InnoDB: Loading buffer pool(s) from C:\xampp\mysql\data\ib_buffer_pool
2023-04-28 10:48:41 0 [Note] Plugin 'FEEDBACK' is disabled.
2023-04-28 10:48:41 0 [Note] InnoDB: Buffer pool(s) load completed at 230428 10:48:41
2023-04-28 10:48:41 0 [Note] Server socket created on IP: '::'.
2023-04-28 11:34:23 0 [Note] InnoDB: Mutexes and rw_locks use Windows interlocked functions
2023-04-28 11:34:23 0 [Note] InnoDB: Uses event mutexes
2023-04-28 11:34:23 0 [Note] InnoDB: Compressed tables use zlib 1.2.12
2023-04-28 11:34:23 0 [Note] InnoDB: Number of pools: 1
2023-04-28 11:34:23 0 [Note] InnoDB: Using SSE2 crc32 instructions
2023-04-28 11:34:23 0 [Note] InnoDB: Initializing buffer pool, total size = 16M, instances = 1, chunk size = 16M
2023-04-28 11:34:23 0 [Note] InnoDB: Completed initialization of buffer pool
2023-04-28 11:34:23 0 [Note] InnoDB: Starting crash recovery from checkpoint LSN=381468
2023-04-28 11:34:23 0 [Note] InnoDB: 128 out of 128 rollback segments are active.
2023-04-28 11:34:23 0 [Note] InnoDB: Removed temporary tablespace data file: "ibtmp1"
2023-04-28 11:34:23 0 [Note] InnoDB: Creating shared tablespace for temporary tables
2023-04-28 11:34:23 0 [Note] InnoDB: Setting file 'C:\xampp\mysql\data\ibtmp1' size to 12 MB. Physically writing the file full; Please wait ...
2023-04-28 11:34:23 0 [Note] InnoDB: File 'C:\xampp\mysql\data\ibtmp1' size is now 12 MB.
2023-04-28 11:34:23 0 [Note] InnoDB: 10.4.27 started; log sequence number 381477; transaction id 757
2023-04-28 11:34:23 0 [Note] InnoDB: Loading buffer pool(s) from C:\xampp\mysql\data\ib_buffer_pool
2023-04-28 11:34:23 0 [Note] Plugin 'FEEDBACK' is disabled.
2023-04-28 11:34:23 0 [Note] Server socket created on IP: '::'.
2023-05-03  8:47:20 0 [Note] InnoDB: Mutexes and rw_locks use Windows interlocked functions
2023-05-03  8:47:20 0 [Note] InnoDB: Uses event mutexes
2023-05-03  8:47:20 0 [Note] InnoDB: Compressed tables use zlib 1.2.12
2023-05-03  8:47:20 0 [Note] InnoDB: Number of pools: 1
2023-05-03  8:47:20 0 [Note] InnoDB: Using SSE2 crc32 instructions
2023-05-03  8:47:20 0 [Note] InnoDB: Initializing buffer pool, total size = 16M, instances = 1, chunk size = 16M
2023-05-03  8:47:20 0 [Note] InnoDB: Completed initialization of buffer pool
2023-05-03  8:47:20 0 [Note] InnoDB: Starting crash recovery from checkpoint LSN=453904
2023-05-03  8:47:20 0 [Note] InnoDB: 128 out of 128 rollback segments are active.
2023-05-03  8:47:20 0 [Note] InnoDB: Removed temporary tablespace data file: "ibtmp1"
2023-05-03  8:47:20 0 [Note] InnoDB: Creating shared tablespace for temporary tables
2023-05-03  8:47:20 0 [Note] InnoDB: Setting file 'C:\xampp\mysql\data\ibtmp1' size to 12 MB. Physically writing the file full; Please wait ...
2023-05-03  8:47:20 0 [Note] InnoDB: File 'C:\xampp\mysql\data\ibtmp1' size is now 12 MB.
2023-05-03  8:47:20 0 [Note] InnoDB: Waiting for purge to start
2023-05-03  8:47:20 0 [Note] InnoDB: 10.4.27 started; log sequence number 453913; transaction id 982
2023-05-03  8:47:20 0 [Note] InnoDB: Loading buffer pool(s) from C:\xampp\mysql\data\ib_buffer_pool
2023-05-03  8:47:20 0 [Note] Plugin 'FEEDBACK' is disabled.
2023-05-03  8:47:20 0 [Note] InnoDB: Buffer pool(s) load completed at 230503  8:47:20
2023-05-03  8:47:20 0 [Note] Server socket created on IP: '::'.
2023-05-03 11:29:18 0 [Note] InnoDB: Mutexes and rw_locks use Windows interlocked functions
2023-05-03 11:29:18 0 [Note] InnoDB: Uses event mutexes
2023-05-03 11:29:18 0 [Note] InnoDB: Compressed tables use zlib 1.2.12
2023-05-03 11:29:18 0 [Note] InnoDB: Number of pools: 1
2023-05-03 11:29:18 0 [Note] InnoDB: Using SSE2 crc32 instructions
2023-05-03 11:29:18 0 [Note] InnoDB: Initializing buffer pool, total size = 16M, instances = 1, chunk size = 16M
2023-05-03 11:29:18 0 [Note] InnoDB: Completed initialization of buffer pool
2023-05-03 11:29:18 0 [Note] InnoDB: Starting crash recovery from checkpoint LSN=537453
2023-05-03 11:29:18 0 [Note] InnoDB: 128 out of 128 rollback segments are active.
2023-05-03 11:29:18 0 [Note] InnoDB: Removed temporary tablespace data file: "ibtmp1"
2023-05-03 11:29:18 0 [Note] InnoDB: Creating shared tablespace for temporary tables
2023-05-03 11:29:18 0 [Note] InnoDB: Setting file 'C:\xampp\mysql\data\ibtmp1' size to 12 MB. Physically writing the file full; Please wait ...
2023-05-03 11:29:18 0 [Note] InnoDB: File 'C:\xampp\mysql\data\ibtmp1' size is now 12 MB.
2023-05-03 11:29:18 0 [Note] InnoDB: 10.4.27 started; log sequence number 537462; transaction id 1080
2023-05-03 11:29:18 0 [Note] InnoDB: Loading buffer pool(s) from C:\xampp\mysql\data\ib_buffer_pool
2023-05-03 11:29:18 0 [Note] Plugin 'FEEDBACK' is disabled.
2023-05-03 11:29:18 0 [Note] InnoDB: Buffer pool(s) load completed at 230503 11:29:18
2023-05-03 11:29:18 0 [Note] Server socket created on IP: '::'.
2023-05-04 17:40:15 0 [Note] InnoDB: Mutexes and rw_locks use Windows interlocked functions
2023-05-04 17:40:15 0 [Note] InnoDB: Uses event mutexes
2023-05-04 17:40:15 0 [Note] InnoDB: Compressed tables use zlib 1.2.12
2023-05-04 17:40:15 0 [Note] InnoDB: Number of pools: 1
2023-05-04 17:40:15 0 [Note] InnoDB: Using SSE2 crc32 instructions
2023-05-04 17:40:15 0 [Note] InnoDB: Initializing buffer pool, total size = 16M, instances = 1, chunk size = 16M
2023-05-04 17:40:15 0 [Note] InnoDB: Completed initialization of buffer pool
2023-05-04 17:40:15 0 [Note] InnoDB: Starting crash recovery from checkpoint LSN=537841
2023-05-04 17:40:16 0 [Note] InnoDB: 128 out of 128 rollback segments are active.
2023-05-04 17:40:16 0 [Note] InnoDB: Removed temporary tablespace data file: "ibtmp1"
2023-05-04 17:40:16 0 [Note] InnoDB: Creating shared tablespace for temporary tables
2023-05-04 17:40:16 0 [Note] InnoDB: Setting file 'C:\xampp\mysql\data\ibtmp1' size to 12 MB. Physically writing the file full; Please wait ...
2023-05-04 17:40:16 0 [Note] InnoDB: File 'C:\xampp\mysql\data\ibtmp1' size is now 12 MB.
2023-05-04 17:40:16 0 [Note] InnoDB: Waiting for purge to start
2023-05-04 17:40:16 0 [Note] InnoDB: Waiting for purge to start
2023-05-04 17:40:17 0 [Note] InnoDB: 10.4.27 started; log sequence number 537850; transaction id 1103
2023-05-04 17:40:17 0 [Note] InnoDB: Loading buffer pool(s) from C:\xampp\mysql\data\ib_buffer_pool
2023-05-04 17:40:17 0 [Note] InnoDB: Buffer pool(s) load completed at 230504 17:40:17
2023-05-04 17:40:17 0 [Note] Plugin 'FEEDBACK' is disabled.
2023-05-04 17:40:17 0 [Note] Server socket created on IP: '::'.
2023-05-05 12:27:27 0 [Note] InnoDB: Mutexes and rw_locks use Windows interlocked functions
2023-05-05 12:27:27 0 [Note] InnoDB: Uses event mutexes
2023-05-05 12:27:27 0 [Note] InnoDB: Compressed tables use zlib 1.2.12
2023-05-05 12:27:27 0 [Note] InnoDB: Number of pools: 1
2023-05-05 12:27:27 0 [Note] InnoDB: Using SSE2 crc32 instructions
2023-05-05 12:27:27 0 [Note] InnoDB: Initializing buffer pool, total size = 16M, instances = 1, chunk size = 16M
2023-05-05 12:27:27 0 [Note] InnoDB: Completed initialization of buffer pool
2023-05-05 12:27:27 0 [Note] InnoDB: Starting crash recovery from checkpoint LSN=615093
2023-05-05 12:27:28 0 [Note] InnoDB: 128 out of 128 rollback segments are active.
2023-05-05 12:27:28 0 [Note] InnoDB: Removed temporary tablespace data file: "ibtmp1"
2023-05-05 12:27:28 0 [Note] InnoDB: Creating shared tablespace for temporary tables
2023-05-05 12:27:28 0 [Note] InnoDB: Setting file 'C:\xampp\mysql\data\ibtmp1' size to 12 MB. Physically writing the file full; Please wait ...
2023-05-05 12:27:28 0 [Note] InnoDB: File 'C:\xampp\mysql\data\ibtmp1' size is now 12 MB.
2023-05-05 12:27:28 0 [Note] InnoDB: Waiting for purge to start
2023-05-05 12:27:28 0 [Note] InnoDB: 10.4.27 started; log sequence number 615102; transaction id 1225
2023-05-05 12:27:28 0 [Note] InnoDB: Loading buffer pool(s) from C:\xampp\mysql\data\ib_buffer_pool
2023-05-05 12:27:28 0 [Note] Plugin 'FEEDBACK' is disabled.
2023-05-05 12:27:28 0 [Note] InnoDB: Buffer pool(s) load completed at 230505 12:27:28
2023-05-05 12:27:28 0 [Note] Server socket created on IP: '::'.
2023-05-09 11:58:12 0 [Note] InnoDB: Mutexes and rw_locks use Windows interlocked functions
2023-05-09 11:58:12 0 [Note] InnoDB: Uses event mutexes
2023-05-09 11:58:12 0 [Note] InnoDB: Compressed tables use zlib 1.2.12
2023-05-09 11:58:12 0 [Note] InnoDB: Number of pools: 1
2023-05-09 11:58:12 0 [Note] InnoDB: Using SSE2 crc32 instructions
2023-05-09 11:58:12 0 [Note] InnoDB: Initializing buffer pool, total size = 16M, instances = 1, chunk size = 16M
2023-05-09 11:58:12 0 [Note] InnoDB: Completed initialization of buffer pool
2023-05-09 11:58:12 0 [Note] InnoDB: Starting crash recovery from checkpoint LSN=621204
2023-05-09 11:58:13 0 [Note] InnoDB: 128 out of 128 rollback segments are active.
2023-05-09 11:58:13 0 [Note] InnoDB: Removed temporary tablespace data file: "ibtmp1"
2023-05-09 11:58:13 0 [Note] InnoDB: Creating shared tablespace for temporary tables
2023-05-09 11:58:13 0 [Note] InnoDB: Setting file 'C:\xampp\mysql\data\ibtmp1' size to 12 MB. Physically writing the file full; Please wait ...
2023-05-09 11:58:13 0 [Note] InnoDB: File 'C:\xampp\mysql\data\ibtmp1' size is now 12 MB.
2023-05-09 11:58:13 0 [Note] InnoDB: Waiting for purge to start
2023-05-09 11:58:13 0 [Note] InnoDB: 10.4.27 started; log sequence number 621213; transaction id 1273
2023-05-09 11:58:13 0 [Note] InnoDB: Loading buffer pool(s) from C:\xampp\mysql\data\ib_buffer_pool
2023-05-09 11:58:13 0 [Note] Plugin 'FEEDBACK' is disabled.
2023-05-09 11:58:13 0 [Note] InnoDB: Buffer pool(s) load completed at 230509 11:58:13
2023-05-09 11:58:13 0 [Note] Server socket created on IP: '::'.
Cannot find checkpoint record at LSN (1,0x565a)
2023-05-09 16:27:17 0 [ERROR] mysqld.exe: Aria recovery failed. Please run aria_chk -r on all Aria tables and delete all aria_log.######## files
2023-05-09 16:27:17 0 [ERROR] Plugin 'Aria' init function returned error.
2023-05-09 16:27:17 0 [ERROR] Plugin 'Aria' registration as a STORAGE ENGINE failed.
2023-05-09 16:27:17 0 [Note] InnoDB: Mutexes and rw_locks use Windows interlocked functions
2023-05-09 16:27:17 0 [Note] InnoDB: Uses event mutexes
2023-05-09 16:27:17 0 [Note] InnoDB: Compressed tables use zlib 1.2.12
2023-05-09 16:27:17 0 [Note] InnoDB: Number of pools: 1
2023-05-09 16:27:17 0 [Note] InnoDB: Using SSE2 crc32 instructions
2023-05-09 16:27:17 0 [Note] InnoDB: Initializing buffer pool, total size = 16M, instances = 1, chunk size = 16M
2023-05-09 16:27:17 0 [Note] InnoDB: Completed initialization of buffer pool
2023-05-09 16:27:17 0 [Note] InnoDB: Starting crash recovery from checkpoint LSN=825824
2023-05-09 16:27:17 0 [Note] InnoDB: 128 out of 128 rollback segments are active.
2023-05-09 16:27:17 0 [Note] InnoDB: Removed temporary tablespace data file: "ibtmp1"
2023-05-09 16:27:17 0 [Note] InnoDB: Creating shared tablespace for temporary tables
2023-05-09 16:27:17 0 [Note] InnoDB: Setting file 'C:\xampp\mysql\data\ibtmp1' size to 12 MB. Physically writing the file full; Please wait ...
2023-05-09 16:27:17 0 [Note] InnoDB: File 'C:\xampp\mysql\data\ibtmp1' size is now 12 MB.
2023-05-09 16:27:17 0 [Note] InnoDB: 10.4.27 started; log sequence number 825833; transaction id 1545
2023-05-09 16:27:17 0 [Note] InnoDB: Loading buffer pool(s) from C:\xampp\mysql\data\ib_buffer_pool
2023-05-09 16:27:17 0 [Note] Plugin 'FEEDBACK' is disabled.
2023-05-09 16:27:17 0 [ERROR] Could not open mysql.plugin table. Some plugins may be not loaded
2023-05-09 16:27:17 0 [ERROR] Failed to initialize plugins.
2023-05-09 16:27:17 0 [ERROR] Aborting
Cannot find checkpoint record at LSN (1,0x565a)
2023-05-09 16:30:27 0 [ERROR] mysqld.exe: Aria recovery failed. Please run aria_chk -r on all Aria tables and delete all aria_log.######## files
2023-05-09 16:30:27 0 [ERROR] Plugin 'Aria' init function returned error.
2023-05-09 16:30:27 0 [ERROR] Plugin 'Aria' registration as a STORAGE ENGINE failed.
2023-05-09 16:30:27 0 [Note] InnoDB: Mutexes and rw_locks use Windows interlocked functions
2023-05-09 16:30:27 0 [Note] InnoDB: Uses event mutexes
2023-05-09 16:30:27 0 [Note] InnoDB: Compressed tables use zlib 1.2.12
2023-05-09 16:30:27 0 [Note] InnoDB: Number of pools: 1
2023-05-09 16:30:27 0 [Note] InnoDB: Using SSE2 crc32 instructions
2023-05-09 16:30:27 0 [Note] InnoDB: Initializing buffer pool, total size = 16M, instances = 1, chunk size = 16M
2023-05-09 16:30:27 0 [Note] InnoDB: Completed initialization of buffer pool
2023-05-09 16:30:28 0 [Note] InnoDB: 128 out of 128 rollback segments are active.
2023-05-09 16:30:28 0 [Note] InnoDB: Creating shared tablespace for temporary tables
2023-05-09 16:30:28 0 [Note] InnoDB: Setting file 'C:\xampp\mysql\data\ibtmp1' size to 12 MB. Physically writing the file full; Please wait ...
2023-05-09 16:30:28 0 [Note] InnoDB: File 'C:\xampp\mysql\data\ibtmp1' size is now 12 MB.
2023-05-09 16:30:28 0 [Note] InnoDB: 10.4.27 started; log sequence number 825842; transaction id 1545
2023-05-09 16:30:28 0 [Note] InnoDB: Loading buffer pool(s) from C:\xampp\mysql\data\ib_buffer_pool
2023-05-09 16:30:28 0 [Note] Plugin 'FEEDBACK' is disabled.
2023-05-09 16:30:28 0 [ERROR] Could not open mysql.plugin table. Some plugins may be not loaded
2023-05-09 16:30:28 0 [ERROR] Failed to initialize plugins.
2023-05-09 16:30:28 0 [ERROR] Aborting
Cannot find checkpoint record at LSN (1,0x565a)
2023-05-09 16:30:58 0 [ERROR] mysqld.exe: Aria recovery failed. Please run aria_chk -r on all Aria tables and delete all aria_log.######## files
2023-05-09 16:30:58 0 [ERROR] Plugin 'Aria' init function returned error.
2023-05-09 16:30:58 0 [ERROR] Plugin 'Aria' registration as a STORAGE ENGINE failed.
2023-05-09 16:30:58 0 [Note] InnoDB: Mutexes and rw_locks use Windows interlocked functions
2023-05-09 16:30:58 0 [Note] InnoDB: Uses event mutexes
2023-05-09 16:30:58 0 [Note] InnoDB: Compressed tables use zlib 1.2.12
2023-05-09 16:30:58 0 [Note] InnoDB: Number of pools: 1
2023-05-09 16:30:58 0 [Note] InnoDB: Using SSE2 crc32 instructions
2023-05-09 16:30:58 0 [Note] InnoDB: Initializing buffer pool, total size = 16M, instances = 1, chunk size = 16M
2023-05-09 16:30:58 0 [Note] InnoDB: Completed initialization of buffer pool
2023-05-09 16:30:58 0 [Note] InnoDB: 128 out of 128 rollback segments are active.
2023-05-09 16:30:58 0 [Note] InnoDB: Creating shared tablespace for temporary tables
2023-05-09 16:30:58 0 [Note] InnoDB: Setting file 'C:\xampp\mysql\data\ibtmp1' size to 12 MB. Physically writing the file full; Please wait ...
2023-05-09 16:30:58 0 [Note] InnoDB: File 'C:\xampp\mysql\data\ibtmp1' size is now 12 MB.
2023-05-09 16:30:58 0 [Note] InnoDB: Waiting for purge to start
2023-05-09 16:30:58 0 [Note] InnoDB: 10.4.27 started; log sequence number 825851; transaction id 1545
2023-05-09 16:30:58 0 [Note] InnoDB: Loading buffer pool(s) from C:\xampp\mysql\data\ib_buffer_pool
2023-05-09 16:30:58 0 [Note] Plugin 'FEEDBACK' is disabled.
2023-05-09 16:30:58 0 [ERROR] Could not open mysql.plugin table. Some plugins may be not loaded
2023-05-09 16:30:58 0 [ERROR] Failed to initialize plugins.
2023-05-09 16:30:58 0 [ERROR] Aborting
Cannot find checkpoint record at LSN (1,0x565a)
2023-05-09 16:31:07 0 [ERROR] mysqld.exe: Aria recovery failed. Please run aria_chk -r on all Aria tables and delete all aria_log.######## files
2023-05-09 16:31:07 0 [ERROR] Plugin 'Aria' init function returned error.
2023-05-09 16:31:07 0 [ERROR] Plugin 'Aria' registration as a STORAGE ENGINE failed.
2023-05-09 16:31:07 0 [Note] InnoDB: Mutexes and rw_locks use Windows interlocked functions
2023-05-09 16:31:07 0 [Note] InnoDB: Uses event mutexes
2023-05-09 16:31:07 0 [Note] InnoDB: Compressed tables use zlib 1.2.12
2023-05-09 16:31:07 0 [Note] InnoDB: Number of pools: 1
2023-05-09 16:31:07 0 [Note] InnoDB: Using SSE2 crc32 instructions
2023-05-09 16:31:07 0 [Note] InnoDB: Initializing buffer pool, total size = 16M, instances = 1, chunk size = 16M
2023-05-09 16:31:07 0 [Note] InnoDB: Completed initialization of buffer pool
2023-05-09 16:31:07 0 [Note] InnoDB: 128 out of 128 rollback segments are active.
2023-05-09 16:31:07 0 [Note] InnoDB: Creating shared tablespace for temporary tables
2023-05-09 16:31:07 0 [Note] InnoDB: Setting file 'C:\xampp\mysql\data\ibtmp1' size to 12 MB. Physically writing the file full; Please wait ...
2023-05-09 16:31:07 0 [Note] InnoDB: File 'C:\xampp\mysql\data\ibtmp1' size is now 12 MB.
2023-05-09 16:31:07 0 [Note] InnoDB: 10.4.27 started; log sequence number 825876; transaction id 1545
2023-05-09 16:31:07 0 [Note] InnoDB: Loading buffer pool(s) from C:\xampp\mysql\data\ib_buffer_pool
2023-05-09 16:31:07 0 [Note] Plugin 'FEEDBACK' is disabled.
2023-05-09 16:31:07 0 [ERROR] Could not open mysql.plugin table. Some plugins may be not loaded
2023-05-09 16:31:07 0 [ERROR] Failed to initialize plugins.
2023-05-09 16:31:07 0 [ERROR] Aborting
Cannot find checkpoint record at LSN (1,0x565a)
2023-05-09 16:31:17 0 [ERROR] mysqld.exe: Aria recovery failed. Please run aria_chk -r on all Aria tables and delete all aria_log.######## files
2023-05-09 16:31:17 0 [ERROR] Plugin 'Aria' init function returned error.
2023-05-09 16:31:17 0 [ERROR] Plugin 'Aria' registration as a STORAGE ENGINE failed.
2023-05-09 16:31:17 0 [Note] InnoDB: Mutexes and rw_locks use Windows interlocked functions
2023-05-09 16:31:17 0 [Note] InnoDB: Uses event mutexes
2023-05-09 16:31:17 0 [Note] InnoDB: Compressed tables use zlib 1.2.12
2023-05-09 16:31:17 0 [Note] InnoDB: Number of pools: 1
2023-05-09 16:31:17 0 [Note] InnoDB: Using SSE2 crc32 instructions
2023-05-09 16:31:17 0 [Note] InnoDB: Initializing buffer pool, total size = 16M, instances = 1, chunk size = 16M
2023-05-09 16:31:17 0 [Note] InnoDB: Completed initialization of buffer pool
2023-05-09 16:31:17 0 [Note] InnoDB: 128 out of 128 rollback segments are active.
2023-05-09 16:31:17 0 [Note] InnoDB: Creating shared tablespace for temporary tables
2023-05-09 16:31:17 0 [Note] InnoDB: Setting file 'C:\xampp\mysql\data\ibtmp1' size to 12 MB. Physically writing the file full; Please wait ...
2023-05-09 16:31:17 0 [Note] InnoDB: File 'C:\xampp\mysql\data\ibtmp1' size is now 12 MB.
2023-05-09 16:31:17 0 [Note] InnoDB: 10.4.27 started; log sequence number 825885; transaction id 1545
2023-05-09 16:31:17 0 [Note] InnoDB: Loading buffer pool(s) from C:\xampp\mysql\data\ib_buffer_pool
2023-05-09 16:31:17 0 [Note] Plugin 'FEEDBACK' is disabled.
2023-05-09 16:31:17 0 [ERROR] Could not open mysql.plugin table. Some plugins may be not loaded
2023-05-09 16:31:17 0 [ERROR] Failed to initialize plugins.
2023-05-09 16:31:17 0 [ERROR] Aborting
Cannot find checkpoint record at LSN (1,0x565a)
2023-05-10  7:38:30 0 [ERROR] mysqld.exe: Aria recovery failed. Please run aria_chk -r on all Aria tables and delete all aria_log.######## files
2023-05-10  7:38:30 0 [ERROR] Plugin 'Aria' init function returned error.
2023-05-10  7:38:30 0 [ERROR] Plugin 'Aria' registration as a STORAGE ENGINE failed.
2023-05-10  7:38:30 0 [Note] InnoDB: Mutexes and rw_locks use Windows interlocked functions
2023-05-10  7:38:30 0 [Note] InnoDB: Uses event mutexes
2023-05-10  7:38:30 0 [Note] InnoDB: Compressed tables use zlib 1.2.12
2023-05-10  7:38:30 0 [Note] InnoDB: Number of pools: 1
2023-05-10  7:38:30 0 [Note] InnoDB: Using SSE2 crc32 instructions
2023-05-10  7:38:30 0 [Note] InnoDB: Initializing buffer pool, total size = 16M, instances = 1, chunk size = 16M
2023-05-10  7:38:30 0 [Note] InnoDB: Completed initialization of buffer pool
2023-05-10  7:38:33 0 [Note] InnoDB: 128 out of 128 rollback segments are active.
2023-05-10  7:38:33 0 [Note] InnoDB: Creating shared tablespace for temporary tables
2023-05-10  7:38:33 0 [Note] InnoDB: Setting file 'C:\xampp\mysql\data\ibtmp1' size to 12 MB. Physically writing the file full; Please wait ...
2023-05-10  7:38:33 0 [Note] InnoDB: File 'C:\xampp\mysql\data\ibtmp1' size is now 12 MB.
2023-05-10  7:38:33 0 [Note] InnoDB: Waiting for purge to start
2023-05-10  7:38:33 0 [Note] InnoDB: 10.4.27 started; log sequence number 825894; transaction id 1545
2023-05-10  7:38:33 0 [Note] InnoDB: Loading buffer pool(s) from C:\xampp\mysql\data\ib_buffer_pool
2023-05-10  7:38:33 0 [Note] Plugin 'FEEDBACK' is disabled.
2023-05-10  7:38:33 0 [ERROR] Could not open mysql.plugin table. Some plugins may be not loaded
2023-05-10  7:38:33 0 [ERROR] Failed to initialize plugins.
2023-05-10  7:38:33 0 [ERROR] Aborting
Cannot find checkpoint record at LSN (1,0x565a)
2023-05-10  7:38:44 0 [ERROR] mysqld.exe: Aria recovery failed. Please run aria_chk -r on all Aria tables and delete all aria_log.######## files
2023-05-10  7:38:44 0 [ERROR] Plugin 'Aria' init function returned error.
2023-05-10  7:38:44 0 [ERROR] Plugin 'Aria' registration as a STORAGE ENGINE failed.
2023-05-10  7:38:44 0 [Note] InnoDB: Mutexes and rw_locks use Windows interlocked functions
2023-05-10  7:38:44 0 [Note] InnoDB: Uses event mutexes
2023-05-10  7:38:44 0 [Note] InnoDB: Compressed tables use zlib 1.2.12
2023-05-10  7:38:44 0 [Note] InnoDB: Number of pools: 1
2023-05-10  7:38:44 0 [Note] InnoDB: Using SSE2 crc32 instructions
2023-05-10  7:38:44 0 [Note] InnoDB: Initializing buffer pool, total size = 16M, instances = 1, chunk size = 16M
2023-05-10  7:38:44 0 [Note] InnoDB: Completed initialization of buffer pool
2023-05-10  7:38:44 0 [Note] InnoDB: 128 out of 128 rollback segments are active.
2023-05-10  7:38:44 0 [Note] InnoDB: Creating shared tablespace for temporary tables
2023-05-10  7:38:44 0 [Note] InnoDB: Setting file 'C:\xampp\mysql\data\ibtmp1' size to 12 MB. Physically writing the file full; Please wait ...
2023-05-10  7:38:44 0 [Note] InnoDB: File 'C:\xampp\mysql\data\ibtmp1' size is now 12 MB.
2023-05-10  7:38:44 0 [Note] InnoDB: Waiting for purge to start
2023-05-10  7:38:44 0 [Note] InnoDB: 10.4.27 started; log sequence number 825903; transaction id 1545
2023-05-10  7:38:44 0 [Note] InnoDB: Loading buffer pool(s) from C:\xampp\mysql\data\ib_buffer_pool
2023-05-10  7:38:44 0 [Note] Plugin 'FEEDBACK' is disabled.
2023-05-10  7:38:44 0 [Note] InnoDB: Buffer pool(s) load completed at 230510  7:38:44
2023-05-10  7:38:44 0 [ERROR] Could not open mysql.plugin table. Some plugins may be not loaded
2023-05-10  7:38:44 0 [ERROR] Failed to initialize plugins.
2023-05-10  7:38:44 0 [ERROR] Aborting
Cannot find checkpoint record at LSN (1,0x565a)
2023-05-10  7:38:48 0 [ERROR] mysqld.exe: Aria recovery failed. Please run aria_chk -r on all Aria tables and delete all aria_log.######## files
2023-05-10  7:38:48 0 [ERROR] Plugin 'Aria' init function returned error.
2023-05-10  7:38:48 0 [ERROR] Plugin 'Aria' registration as a STORAGE ENGINE failed.
2023-05-10  7:38:48 0 [Note] InnoDB: Mutexes and rw_locks use Windows interlocked functions
2023-05-10  7:38:48 0 [Note] InnoDB: Uses event mutexes
2023-05-10  7:38:48 0 [Note] InnoDB: Compressed tables use zlib 1.2.12
2023-05-10  7:38:48 0 [Note] InnoDB: Number of pools: 1
2023-05-10  7:38:48 0 [Note] InnoDB: Using SSE2 crc32 instructions
2023-05-10  7:38:48 0 [Note] InnoDB: Initializing buffer pool, total size = 16M, instances = 1, chunk size = 16M
2023-05-10  7:38:48 0 [Note] InnoDB: Completed initialization of buffer pool
2023-05-10  7:38:48 0 [Note] InnoDB: 128 out of 128 rollback segments are active.
2023-05-10  7:38:48 0 [Note] InnoDB: Creating shared tablespace for temporary tables
2023-05-10  7:38:48 0 [Note] InnoDB: Setting file 'C:\xampp\mysql\data\ibtmp1' size to 12 MB. Physically writing the file full; Please wait ...
2023-05-10  7:38:48 0 [Note] InnoDB: File 'C:\xampp\mysql\data\ibtmp1' size is now 12 MB.
2023-05-10  7:38:48 0 [Note] InnoDB: Waiting for purge to start
2023-05-10  7:38:48 0 [Note] InnoDB: 10.4.27 started; log sequence number 825912; transaction id 1545
2023-05-10  7:38:48 0 [Note] InnoDB: Loading buffer pool(s) from C:\xampp\mysql\data\ib_buffer_pool
2023-05-10  7:38:48 0 [Note] Plugin 'FEEDBACK' is disabled.
2023-05-10  7:38:48 0 [ERROR] Could not open mysql.plugin table. Some plugins may be not loaded
2023-05-10  7:38:48 0 [ERROR] Failed to initialize plugins.
2023-05-10  7:38:48 0 [ERROR] Aborting
Cannot find checkpoint record at LSN (1,0x565a)
2023-05-10  7:39:15 0 [ERROR] mysqld.exe: Aria recovery failed. Please run aria_chk -r on all Aria tables and delete all aria_log.######## files
2023-05-10  7:39:15 0 [ERROR] Plugin 'Aria' init function returned error.
2023-05-10  7:39:15 0 [ERROR] Plugin 'Aria' registration as a STORAGE ENGINE failed.
2023-05-10  7:39:15 0 [Note] InnoDB: Mutexes and rw_locks use Windows interlocked functions
2023-05-10  7:39:15 0 [Note] InnoDB: Uses event mutexes
2023-05-10  7:39:15 0 [Note] InnoDB: Compressed tables use zlib 1.2.12
2023-05-10  7:39:15 0 [Note] InnoDB: Number of pools: 1
2023-05-10  7:39:15 0 [Note] InnoDB: Using SSE2 crc32 instructions
2023-05-10  7:39:15 0 [Note] InnoDB: Initializing buffer pool, total size = 16M, instances = 1, chunk size = 16M
2023-05-10  7:39:15 0 [Note] InnoDB: Completed initialization of buffer pool
2023-05-10  7:39:15 0 [Note] InnoDB: 128 out of 128 rollback segments are active.
2023-05-10  7:39:15 0 [Note] InnoDB: Creating shared tablespace for temporary tables
2023-05-10  7:39:15 0 [Note] InnoDB: Setting file 'C:\xampp\mysql\data\ibtmp1' size to 12 MB. Physically writing the file full; Please wait ...
2023-05-10  7:39:15 0 [Note] InnoDB: File 'C:\xampp\mysql\data\ibtmp1' size is now 12 MB.
2023-05-10  7:39:15 0 [Note] InnoDB: Waiting for purge to start
2023-05-10  7:39:15 0 [Note] InnoDB: 10.4.27 started; log sequence number 825921; transaction id 1545
2023-05-10  7:39:15 0 [Note] InnoDB: Loading buffer pool(s) from C:\xampp\mysql\data\ib_buffer_pool
2023-05-10  7:39:15 0 [Note] Plugin 'FEEDBACK' is disabled.
2023-05-10  7:39:15 0 [ERROR] Could not open mysql.plugin table. Some plugins may be not loaded
2023-05-10  7:39:15 0 [ERROR] Failed to initialize plugins.
2023-05-10  7:39:15 0 [ERROR] Aborting
Cannot find checkpoint record at LSN (1,0x565a)
2023-05-10  7:39:40 0 [ERROR] mysqld.exe: Aria recovery failed. Please run aria_chk -r on all Aria tables and delete all aria_log.######## files
2023-05-10  7:39:40 0 [ERROR] Plugin 'Aria' init function returned error.
2023-05-10  7:39:40 0 [ERROR] Plugin 'Aria' registration as a STORAGE ENGINE failed.
2023-05-10  7:39:40 0 [Note] InnoDB: Mutexes and rw_locks use Windows interlocked functions
2023-05-10  7:39:40 0 [Note] InnoDB: Uses event mutexes
2023-05-10  7:39:40 0 [Note] InnoDB: Compressed tables use zlib 1.2.12
2023-05-10  7:39:40 0 [Note] InnoDB: Number of pools: 1
2023-05-10  7:39:40 0 [Note] InnoDB: Using SSE2 crc32 instructions
2023-05-10  7:39:40 0 [Note] InnoDB: Initializing buffer pool, total size = 16M, instances = 1, chunk size = 16M
2023-05-10  7:39:40 0 [Note] InnoDB: Completed initialization of buffer pool
2023-05-10  7:39:40 0 [Note] InnoDB: 128 out of 128 rollback segments are active.
2023-05-10  7:39:40 0 [Note] InnoDB: Creating shared tablespace for temporary tables
2023-05-10  7:39:40 0 [Note] InnoDB: Setting file 'C:\xampp\mysql\data\ibtmp1' size to 12 MB. Physically writing the file full; Please wait ...
2023-05-10  7:39:40 0 [Note] InnoDB: File 'C:\xampp\mysql\data\ibtmp1' size is now 12 MB.
2023-05-10  7:39:40 0 [Note] InnoDB: Waiting for purge to start
2023-05-10  7:39:40 0 [Note] InnoDB: 10.4.27 started; log sequence number 825930; transaction id 1545
2023-05-10  7:39:40 0 [Note] InnoDB: Loading buffer pool(s) from C:\xampp\mysql\data\ib_buffer_pool
2023-05-10  7:39:40 0 [Note] Plugin 'FEEDBACK' is disabled.
2023-05-10  7:39:40 0 [ERROR] Could not open mysql.plugin table. Some plugins may be not loaded
2023-05-10  7:39:40 0 [ERROR] Failed to initialize plugins.
2023-05-10  7:39:40 0 [ERROR] Aborting
Cannot find checkpoint record at LSN (1,0x565a)
2023-05-10  7:39:46 0 [ERROR] mysqld.exe: Aria recovery failed. Please run aria_chk -r on all Aria tables and delete all aria_log.######## files
2023-05-10  7:39:46 0 [ERROR] Plugin 'Aria' init function returned error.
2023-05-10  7:39:46 0 [ERROR] Plugin 'Aria' registration as a STORAGE ENGINE failed.
2023-05-10  7:39:46 0 [Note] InnoDB: Mutexes and rw_locks use Windows interlocked functions
2023-05-10  7:39:46 0 [Note] InnoDB: Uses event mutexes
2023-05-10  7:39:46 0 [Note] InnoDB: Compressed tables use zlib 1.2.12
2023-05-10  7:39:46 0 [Note] InnoDB: Number of pools: 1
2023-05-10  7:39:46 0 [Note] InnoDB: Using SSE2 crc32 instructions
2023-05-10  7:39:46 0 [Note] InnoDB: Initializing buffer pool, total size = 16M, instances = 1, chunk size = 16M
2023-05-10  7:39:46 0 [Note] InnoDB: Completed initialization of buffer pool
2023-05-10  7:39:46 0 [Note] InnoDB: 128 out of 128 rollback segments are active.
2023-05-10  7:39:46 0 [Note] InnoDB: Creating shared tablespace for temporary tables
2023-05-10  7:39:46 0 [Note] InnoDB: Setting file 'C:\xampp\mysql\data\ibtmp1' size to 12 MB. Physically writing the file full; Please wait ...
2023-05-10  7:39:46 0 [Note] InnoDB: File 'C:\xampp\mysql\data\ibtmp1' size is now 12 MB.
2023-05-10  7:39:46 0 [Note] InnoDB: 10.4.27 started; log sequence number 825939; transaction id 1545
2023-05-10  7:39:46 0 [Note] InnoDB: Loading buffer pool(s) from C:\xampp\mysql\data\ib_buffer_pool
2023-05-10  7:39:46 0 [Note] Plugin 'FEEDBACK' is disabled.
2023-05-10  7:39:46 0 [ERROR] Could not open mysql.plugin table. Some plugins may be not loaded
2023-05-10  7:39:46 0 [ERROR] Failed to initialize plugins.
2023-05-10  7:39:46 0 [ERROR] Aborting
Cannot find checkpoint record at LSN (1,0x565a)
2023-05-10  7:40:03 0 [ERROR] mysqld.exe: Aria recovery failed. Please run aria_chk -r on all Aria tables and delete all aria_log.######## files
2023-05-10  7:40:03 0 [ERROR] Plugin 'Aria' init function returned error.
2023-05-10  7:40:03 0 [ERROR] Plugin 'Aria' registration as a STORAGE ENGINE failed.
2023-05-10  7:40:03 0 [Note] InnoDB: Mutexes and rw_locks use Windows interlocked functions
2023-05-10  7:40:03 0 [Note] InnoDB: Uses event mutexes
2023-05-10  7:40:03 0 [Note] InnoDB: Compressed tables use zlib 1.2.12
2023-05-10  7:40:03 0 [Note] InnoDB: Number of pools: 1
2023-05-10  7:40:03 0 [Note] InnoDB: Using SSE2 crc32 instructions
2023-05-10  7:40:03 0 [Note] InnoDB: Initializing buffer pool, total size = 16M, instances = 1, chunk size = 16M
2023-05-10  7:40:03 0 [Note] InnoDB: Completed initialization of buffer pool
2023-05-10  7:40:03 0 [Note] InnoDB: 128 out of 128 rollback segments are active.
2023-05-10  7:40:03 0 [Note] InnoDB: Creating shared tablespace for temporary tables
2023-05-10  7:40:03 0 [Note] InnoDB: Setting file 'C:\xampp\mysql\data\ibtmp1' size to 12 MB. Physically writing the file full; Please wait ...
2023-05-10  7:40:03 0 [Note] InnoDB: File 'C:\xampp\mysql\data\ibtmp1' size is now 12 MB.
2023-05-10  7:40:03 0 [Note] InnoDB: 10.4.27 started; log sequence number 825948; transaction id 1545
2023-05-10  7:40:03 0 [Note] InnoDB: Loading buffer pool(s) from C:\xampp\mysql\data\ib_buffer_pool
2023-05-10  7:40:03 0 [Note] Plugin 'FEEDBACK' is disabled.
2023-05-10  7:40:03 0 [ERROR] Could not open mysql.plugin table. Some plugins may be not loaded
2023-05-10  7:40:03 0 [ERROR] Failed to initialize plugins.
2023-05-10  7:40:03 0 [ERROR] Aborting
Cannot find checkpoint record at LSN (1,0x565a)
2023-05-10  7:40:35 0 [ERROR] mysqld.exe: Aria recovery failed. Please run aria_chk -r on all Aria tables and delete all aria_log.######## files
2023-05-10  7:40:35 0 [ERROR] Plugin 'Aria' init function returned error.
2023-05-10  7:40:35 0 [ERROR] Plugin 'Aria' registration as a STORAGE ENGINE failed.
2023-05-10  7:40:35 0 [Note] InnoDB: Mutexes and rw_locks use Windows interlocked functions
2023-05-10  7:40:35 0 [Note] InnoDB: Uses event mutexes
2023-05-10  7:40:35 0 [Note] InnoDB: Compressed tables use zlib 1.2.12
2023-05-10  7:40:35 0 [Note] InnoDB: Number of pools: 1
2023-05-10  7:40:35 0 [Note] InnoDB: Using SSE2 crc32 instructions
2023-05-10  7:40:35 0 [Note] InnoDB: Initializing buffer pool, total size = 16M, instances = 1, chunk size = 16M
2023-05-10  7:40:35 0 [Note] InnoDB: Completed initialization of buffer pool
2023-05-10  7:40:35 0 [Note] InnoDB: 128 out of 128 rollback segments are active.
2023-05-10  7:40:35 0 [Note] InnoDB: Creating shared tablespace for temporary tables
2023-05-10  7:40:35 0 [Note] InnoDB: Setting file 'C:\xampp\mysql\data\ibtmp1' size to 12 MB. Physically writing the file full; Please wait ...
2023-05-10  7:40:35 0 [Note] InnoDB: File 'C:\xampp\mysql\data\ibtmp1' size is now 12 MB.
2023-05-10  7:40:35 0 [Note] InnoDB: 10.4.27 started; log sequence number 825957; transaction id 1545
2023-05-10  7:40:35 0 [Note] InnoDB: Loading buffer pool(s) from C:\xampp\mysql\data\ib_buffer_pool
2023-05-10  7:40:35 0 [Note] Plugin 'FEEDBACK' is disabled.
2023-05-10  7:40:35 0 [ERROR] Could not open mysql.plugin table. Some plugins may be not loaded
2023-05-10  7:40:35 0 [ERROR] Failed to initialize plugins.
2023-05-10  7:40:35 0 [ERROR] Aborting
Cannot find checkpoint record at LSN (1,0x565a)
2023-05-10  7:41:45 0 [ERROR] mysqld.exe: Aria recovery failed. Please run aria_chk -r on all Aria tables and delete all aria_log.######## files
2023-05-10  7:41:45 0 [ERROR] Plugin 'Aria' init function returned error.
2023-05-10  7:41:45 0 [ERROR] Plugin 'Aria' registration as a STORAGE ENGINE failed.
2023-05-10  7:41:45 0 [Note] InnoDB: Mutexes and rw_locks use Windows interlocked functions
2023-05-10  7:41:45 0 [Note] InnoDB: Uses event mutexes
2023-05-10  7:41:45 0 [Note] InnoDB: Compressed tables use zlib 1.2.12
2023-05-10  7:41:45 0 [Note] InnoDB: Number of pools: 1
2023-05-10  7:41:45 0 [Note] InnoDB: Using SSE2 crc32 instructions
2023-05-10  7:41:45 0 [Note] InnoDB: Initializing buffer pool, total size = 16M, instances = 1, chunk size = 16M
2023-05-10  7:41:45 0 [Note] InnoDB: Completed initialization of buffer pool
2023-05-10  7:41:45 0 [Note] InnoDB: 128 out of 128 rollback segments are active.
2023-05-10  7:41:45 0 [Note] InnoDB: Creating shared tablespace for temporary tables
2023-05-10  7:41:45 0 [Note] InnoDB: Setting file 'C:\xampp\mysql\data\ibtmp1' size to 12 MB. Physically writing the file full; Please wait ...
2023-05-10  7:41:45 0 [Note] InnoDB: File 'C:\xampp\mysql\data\ibtmp1' size is now 12 MB.
2023-05-10  7:41:45 0 [Note] InnoDB: Waiting for purge to start
2023-05-10  7:41:45 0 [Note] InnoDB: 10.4.27 started; log sequence number 825966; transaction id 1545
2023-05-10  7:41:45 0 [Note] InnoDB: Loading buffer pool(s) from C:\xampp\mysql\data\ib_buffer_pool
2023-05-10  7:41:45 0 [Note] Plugin 'FEEDBACK' is disabled.
2023-05-10  7:41:45 0 [ERROR] Could not open mysql.plugin table. Some plugins may be not loaded
2023-05-10  7:41:45 0 [ERROR] Failed to initialize plugins.
2023-05-10  7:41:45 0 [ERROR] Aborting
Cannot find checkpoint record at LSN (1,0x565a)
2023-05-10  7:42:08 0 [ERROR] mysqld.exe: Aria recovery failed. Please run aria_chk -r on all Aria tables and delete all aria_log.######## files
2023-05-10  7:42:08 0 [ERROR] Plugin 'Aria' init function returned error.
2023-05-10  7:42:08 0 [ERROR] Plugin 'Aria' registration as a STORAGE ENGINE failed.
2023-05-10  7:42:08 0 [Note] InnoDB: Mutexes and rw_locks use Windows interlocked functions
2023-05-10  7:42:08 0 [Note] InnoDB: Uses event mutexes
2023-05-10  7:42:08 0 [Note] InnoDB: Compressed tables use zlib 1.2.12
2023-05-10  7:42:08 0 [Note] InnoDB: Number of pools: 1
2023-05-10  7:42:08 0 [Note] InnoDB: Using SSE2 crc32 instructions
2023-05-10  7:42:08 0 [Note] InnoDB: Initializing buffer pool, total size = 16M, instances = 1, chunk size = 16M
2023-05-10  7:42:08 0 [Note] InnoDB: Completed initialization of buffer pool
2023-05-10  7:42:08 0 [Note] InnoDB: 128 out of 128 rollback segments are active.
2023-05-10  7:42:08 0 [Note] InnoDB: Creating shared tablespace for temporary tables
2023-05-10  7:42:08 0 [Note] InnoDB: Setting file 'C:\xampp\mysql\data\ibtmp1' size to 12 MB. Physically writing the file full; Please wait ...
2023-05-10  7:42:08 0 [Note] InnoDB: File 'C:\xampp\mysql\data\ibtmp1' size is now 12 MB.
2023-05-10  7:42:08 0 [Note] InnoDB: Waiting for purge to start
2023-05-10  7:42:08 0 [Note] InnoDB: 10.4.27 started; log sequence number 825975; transaction id 1545
2023-05-10  7:42:08 0 [Note] InnoDB: Loading buffer pool(s) from C:\xampp\mysql\data\ib_buffer_pool
2023-05-10  7:42:08 0 [Note] Plugin 'FEEDBACK' is disabled.
2023-05-10  7:42:08 0 [ERROR] Could not open mysql.plugin table. Some plugins may be not loaded
2023-05-10  7:42:08 0 [ERROR] Failed to initialize plugins.
2023-05-10  7:42:08 0 [ERROR] Aborting
Cannot find checkpoint record at LSN (1,0x565a)
2023-05-10  7:43:28 0 [ERROR] mysqld.exe: Aria recovery failed. Please run aria_chk -r on all Aria tables and delete all aria_log.######## files
2023-05-10  7:43:28 0 [ERROR] Plugin 'Aria' init function returned error.
2023-05-10  7:43:28 0 [ERROR] Plugin 'Aria' registration as a STORAGE ENGINE failed.
2023-05-10  7:43:28 0 [Note] InnoDB: Mutexes and rw_locks use Windows interlocked functions
2023-05-10  7:43:28 0 [Note] InnoDB: Uses event mutexes
2023-05-10  7:43:28 0 [Note] InnoDB: Compressed tables use zlib 1.2.12
2023-05-10  7:43:28 0 [Note] InnoDB: Number of pools: 1
2023-05-10  7:43:28 0 [Note] InnoDB: Using SSE2 crc32 instructions
2023-05-10  7:43:28 0 [Note] InnoDB: Initializing buffer pool, total size = 16M, instances = 1, chunk size = 16M
2023-05-10  7:43:28 0 [Note] InnoDB: Completed initialization of buffer pool
2023-05-10  7:43:28 0 [Note] InnoDB: 128 out of 128 rollback segments are active.
2023-05-10  7:43:28 0 [Note] InnoDB: Creating shared tablespace for temporary tables
2023-05-10  7:43:28 0 [Note] InnoDB: Setting file 'C:\xampp\mysql\data\ibtmp1' size to 12 MB. Physically writing the file full; Please wait ...
2023-05-10  7:43:28 0 [Note] InnoDB: File 'C:\xampp\mysql\data\ibtmp1' size is now 12 MB.
2023-05-10  7:43:28 0 [Note] InnoDB: 10.4.27 started; log sequence number 825984; transaction id 1545
2023-05-10  7:43:28 0 [Note] InnoDB: Loading buffer pool(s) from C:\xampp\mysql\data\ib_buffer_pool
2023-05-10  7:43:28 0 [Note] Plugin 'FEEDBACK' is disabled.
2023-05-10  7:43:28 0 [ERROR] Could not open mysql.plugin table. Some plugins may be not loaded
2023-05-10  7:43:28 0 [ERROR] Failed to initialize plugins.
2023-05-10  7:43:28 0 [ERROR] Aborting
